CRITICAL - 2024-06-24 07:59:14 --> TypeError: CodeIgniter\Database\BaseBuilder::getOperatorFromWhereKey(): Argument #1 ($whereKey) must be of type string, int given, called in C:\xampp\htdocs\toko-api\system\Database\BaseBuilder.php on line 768
[Method: POST, Route: login]
in SYSTEMPATH\Database\BaseBuilder.php on line 3466.
 1 SYSTEMPATH\Database\BaseBuilder.php(768): CodeIgniter\Database\BaseBuilder->getOperatorFromWhereKey(0)
 2 SYSTEMPATH\Database\BaseBuilder.php(709): CodeIgniter\Database\BaseBuilder->whereHaving('QBWhere', [...], null, 'AND ', true)
 3 SYSTEMPATH\Model.php(930): CodeIgniter\Database\BaseBuilder->where([...])
 4 APPPATH\Controllers\LoginController.php(14): CodeIgniter\Model->__call('where', [...])
 5 SYSTEMPATH\CodeIgniter.php(933): App\Controllers\LoginController->login()
 6 SYSTEMPATH\CodeIgniter.php(509): CodeIgniter\CodeIgniter->runController(Object(App\Controllers\LoginController))
 7 SYSTEMPATH\CodeIgniter.php(355): CodeIgniter\CodeIgniter->handleRequest(null, Object(Config\Cache), false)
 8 SYSTEMPATH\Boot.php(325): CodeIgniter\CodeIgniter->run()
 9 SYSTEMPATH\Boot.php(67): CodeIgniter\Boot::runCodeIgniter(Object(CodeIgniter\CodeIgniter))
10 FCPATH\index.php(56): CodeIgniter\Boot::bootWeb(Object(Config\Paths))
11 SYSTEMPATH\Commands\Server\rewrite.php(49): require_once('C:\\xampp\\htdocs\\toko-api\\public\\index.php')
CRITICAL - 2024-06-24 07:59:46 --> TypeError: CodeIgniter\Database\BaseBuilder::getOperatorFromWhereKey(): Argument #1 ($whereKey) must be of type string, int given, called in C:\xampp\htdocs\toko-api\system\Database\BaseBuilder.php on line 768
[Method: POST, Route: login]
in SYSTEMPATH\Database\BaseBuilder.php on line 3466.
 1 SYSTEMPATH\Database\BaseBuilder.php(768): CodeIgniter\Database\BaseBuilder->getOperatorFromWhereKey(0)
 2 SYSTEMPATH\Database\BaseBuilder.php(709): CodeIgniter\Database\BaseBuilder->whereHaving('QBWhere', [...], null, 'AND ', true)
 3 SYSTEMPATH\Model.php(930): CodeIgniter\Database\BaseBuilder->where([...])
 4 APPPATH\Controllers\LoginController.php(14): CodeIgniter\Model->__call('where', [...])
 5 SYSTEMPATH\CodeIgniter.php(933): App\Controllers\LoginController->login()
 6 SYSTEMPATH\CodeIgniter.php(509): CodeIgniter\CodeIgniter->runController(Object(App\Controllers\LoginController))
 7 SYSTEMPATH\CodeIgniter.php(355): CodeIgniter\CodeIgniter->handleRequest(null, Object(Config\Cache), false)
 8 SYSTEMPATH\Boot.php(325): CodeIgniter\CodeIgniter->run()
 9 SYSTEMPATH\Boot.php(67): CodeIgniter\Boot::runCodeIgniter(Object(CodeIgniter\CodeIgniter))
10 FCPATH\index.php(56): CodeIgniter\Boot::bootWeb(Object(Config\Paths))
11 SYSTEMPATH\Commands\Server\rewrite.php(49): require_once('C:\\xampp\\htdocs\\toko-api\\public\\index.php')
CRITICAL - 2024-06-24 08:01:41 --> TypeError: CodeIgniter\Database\BaseBuilder::getOperatorFromWhereKey(): Argument #1 ($whereKey) must be of type string, int given, called in C:\xampp\htdocs\toko-api\system\Database\BaseBuilder.php on line 768
[Method: POST, Route: login]
in SYSTEMPATH\Database\BaseBuilder.php on line 3466.
 1 SYSTEMPATH\Database\BaseBuilder.php(768): CodeIgniter\Database\BaseBuilder->getOperatorFromWhereKey(0)
 2 SYSTEMPATH\Database\BaseBuilder.php(709): CodeIgniter\Database\BaseBuilder->whereHaving('QBWhere', [...], null, 'AND ', true)
 3 SYSTEMPATH\Model.php(930): CodeIgniter\Database\BaseBuilder->where([...])
 4 APPPATH\Controllers\LoginController.php(14): CodeIgniter\Model->__call('where', [...])
 5 SYSTEMPATH\CodeIgniter.php(933): App\Controllers\LoginController->login()
 6 SYSTEMPATH\CodeIgniter.php(509): CodeIgniter\CodeIgniter->runController(Object(App\Controllers\LoginController))
 7 SYSTEMPATH\CodeIgniter.php(355): CodeIgniter\CodeIgniter->handleRequest(null, Object(Config\Cache), false)
 8 SYSTEMPATH\Boot.php(325): CodeIgniter\CodeIgniter->run()
 9 SYSTEMPATH\Boot.php(67): CodeIgniter\Boot::runCodeIgniter(Object(CodeIgniter\CodeIgniter))
10 FCPATH\index.php(56): CodeIgniter\Boot::bootWeb(Object(Config\Paths))
11 SYSTEMPATH\Commands\Server\rewrite.php(49): require_once('C:\\xampp\\htdocs\\toko-api\\public\\index.php')
CRITICAL - 2024-06-24 08:01:42 --> TypeError: CodeIgniter\Database\BaseBuilder::getOperatorFromWhereKey(): Argument #1 ($whereKey) must be of type string, int given, called in C:\xampp\htdocs\toko-api\system\Database\BaseBuilder.php on line 768
[Method: POST, Route: login]
in SYSTEMPATH\Database\BaseBuilder.php on line 3466.
 1 SYSTEMPATH\Database\BaseBuilder.php(768): CodeIgniter\Database\BaseBuilder->getOperatorFromWhereKey(0)
 2 SYSTEMPATH\Database\BaseBuilder.php(709): CodeIgniter\Database\BaseBuilder->whereHaving('QBWhere', [...], null, 'AND ', true)
 3 SYSTEMPATH\Model.php(930): CodeIgniter\Database\BaseBuilder->where([...])
 4 APPPATH\Controllers\LoginController.php(14): CodeIgniter\Model->__call('where', [...])
 5 SYSTEMPATH\CodeIgniter.php(933): App\Controllers\LoginController->login()
 6 SYSTEMPATH\CodeIgniter.php(509): CodeIgniter\CodeIgniter->runController(Object(App\Controllers\LoginController))
 7 SYSTEMPATH\CodeIgniter.php(355): CodeIgniter\CodeIgniter->handleRequest(null, Object(Config\Cache), false)
 8 SYSTEMPATH\Boot.php(325): CodeIgniter\CodeIgniter->run()
 9 SYSTEMPATH\Boot.php(67): CodeIgniter\Boot::runCodeIgniter(Object(CodeIgniter\CodeIgniter))
10 FCPATH\index.php(56): CodeIgniter\Boot::bootWeb(Object(Config\Paths))
11 SYSTEMPATH\Commands\Server\rewrite.php(49): require_once('C:\\xampp\\htdocs\\toko-api\\public\\index.php')
CRITICAL - 2024-06-24 08:01:57 --> TypeError: CodeIgniter\Database\BaseBuilder::getOperatorFromWhereKey(): Argument #1 ($whereKey) must be of type string, int given, called in C:\xampp\htdocs\toko-api\system\Database\BaseBuilder.php on line 768
[Method: POST, Route: login]
in SYSTEMPATH\Database\BaseBuilder.php on line 3466.
 1 SYSTEMPATH\Database\BaseBuilder.php(768): CodeIgniter\Database\BaseBuilder->getOperatorFromWhereKey(0)
 2 SYSTEMPATH\Database\BaseBuilder.php(709): CodeIgniter\Database\BaseBuilder->whereHaving('QBWhere', [...], null, 'AND ', true)
 3 SYSTEMPATH\Model.php(930): CodeIgniter\Database\BaseBuilder->where([...])
 4 APPPATH\Controllers\LoginController.php(14): CodeIgniter\Model->__call('where', [...])
 5 SYSTEMPATH\CodeIgniter.php(933): App\Controllers\LoginController->login()
 6 SYSTEMPATH\CodeIgniter.php(509): CodeIgniter\CodeIgniter->runController(Object(App\Controllers\LoginController))
 7 SYSTEMPATH\CodeIgniter.php(355): CodeIgniter\CodeIgniter->handleRequest(null, Object(Config\Cache), false)
 8 SYSTEMPATH\Boot.php(325): CodeIgniter\CodeIgniter->run()
 9 SYSTEMPATH\Boot.php(67): CodeIgniter\Boot::runCodeIgniter(Object(CodeIgniter\CodeIgniter))
10 FCPATH\index.php(56): CodeIgniter\Boot::bootWeb(Object(Config\Paths))
11 SYSTEMPATH\Commands\Server\rewrite.php(49): require_once('C:\\xampp\\htdocs\\toko-api\\public\\index.php')
CRITICAL - 2024-06-24 08:04:47 --> ErrorException: Undefined array key "passoword"
[Method: POST, Route: login]
in APPPATH\Controllers\LoginController.php on line 19.
 1 APPPATH\Controllers\LoginController.php(19): CodeIgniter\Debug\Exceptions->errorHandler(2, 'Undefined array key "passoword"', 'C:\\xampp\\htdocs\\toko-api\\app\\Controllers\\LoginController.php', 19)
 2 SYSTEMPATH\CodeIgniter.php(933): App\Controllers\LoginController->login()
 3 SYSTEMPATH\CodeIgniter.php(509): CodeIgniter\CodeIgniter->runController(Object(App\Controllers\LoginController))
 4 SYSTEMPATH\CodeIgniter.php(355): CodeIgniter\CodeIgniter->handleRequest(null, Object(Config\Cache), false)
 5 SYSTEMPATH\Boot.php(325): CodeIgniter\CodeIgniter->run()
 6 SYSTEMPATH\Boot.php(67): CodeIgniter\Boot::runCodeIgniter(Object(CodeIgniter\CodeIgniter))
 7 FCPATH\index.php(56): CodeIgniter\Boot::bootWeb(Object(Config\Paths))
 8 SYSTEMPATH\Commands\Server\rewrite.php(49): require_once('C:\\xampp\\htdocs\\toko-api\\public\\index.php')
CRITICAL - 2024-06-24 08:05:45 --> ErrorException: Undefined array key "passoword"
[Method: POST, Route: login]
in APPPATH\Controllers\LoginController.php on line 19.
 1 APPPATH\Controllers\LoginController.php(19): CodeIgniter\Debug\Exceptions->errorHandler(2, 'Undefined array key "passoword"', 'C:\\xampp\\htdocs\\toko-api\\app\\Controllers\\LoginController.php', 19)
 2 SYSTEMPATH\CodeIgniter.php(933): App\Controllers\LoginController->login()
 3 SYSTEMPATH\CodeIgniter.php(509): CodeIgniter\CodeIgniter->runController(Object(App\Controllers\LoginController))
 4 SYSTEMPATH\CodeIgniter.php(355): CodeIgniter\CodeIgniter->handleRequest(null, Object(Config\Cache), false)
 5 SYSTEMPATH\Boot.php(325): CodeIgniter\CodeIgniter->run()
 6 SYSTEMPATH\Boot.php(67): CodeIgniter\Boot::runCodeIgniter(Object(CodeIgniter\CodeIgniter))
 7 FCPATH\index.php(56): CodeIgniter\Boot::bootWeb(Object(Config\Paths))
 8 SYSTEMPATH\Commands\Server\rewrite.php(49): require_once('C:\\xampp\\htdocs\\toko-api\\public\\index.php')
WARNING - 2024-06-24 11:22:29 --> [DEPRECATED] password_hash(): Passing null to parameter #1 ($password) of type string is deprecated in APPPATH\Controllers\RegistrasiController.php on line 12.
 1 APPPATH\Controllers\RegistrasiController.php(12): password_hash(Object(SensitiveParameterValue), '2y')
 2 SYSTEMPATH\CodeIgniter.php(933): App\Controllers\RegistrasiController->registrasi()
 3 SYSTEMPATH\CodeIgniter.php(509): CodeIgniter\CodeIgniter->runController(Object(App\Controllers\RegistrasiController))
 4 SYSTEMPATH\CodeIgniter.php(355): CodeIgniter\CodeIgniter->handleRequest(null, Object(Config\Cache), false)
 5 SYSTEMPATH\Boot.php(325): CodeIgniter\CodeIgniter->run()
 6 SYSTEMPATH\Boot.php(67): CodeIgniter\Boot::runCodeIgniter(Object(CodeIgniter\CodeIgniter))
 7 FCPATH\index.php(56): CodeIgniter\Boot::bootWeb(Object(Config\Paths))
ERROR - 2024-06-24 11:22:29 --> mysqli_sql_exception: Column 'nama' cannot be null in C:\xampp\htdocs\toko-api\system\Database\MySQLi\Connection.php:310
Stack trace:
#0 C:\xampp\htdocs\toko-api\system\Database\MySQLi\Connection.php(310): mysqli->query('INSERT INTO `me...', 0)
#1 C:\xampp\htdocs\toko-api\system\Database\BaseConnection.php(732): CodeIgniter\Database\MySQLi\Connection->execute('INSERT INTO `me...')
#2 C:\xampp\htdocs\toko-api\system\Database\BaseConnection.php(646): CodeIgniter\Database\BaseConnection->simpleQuery('INSERT INTO `me...')
#3 C:\xampp\htdocs\toko-api\system\Database\BaseBuilder.php(2333): CodeIgniter\Database\BaseConnection->query('INSERT INTO `me...', Array, false)
#4 C:\xampp\htdocs\toko-api\system\Model.php(394): CodeIgniter\Database\BaseBuilder->insert()
#5 C:\xampp\htdocs\toko-api\system\BaseModel.php(840): CodeIgniter\Model->doInsert(Array)
#6 C:\xampp\htdocs\toko-api\system\Model.php(802): CodeIgniter\BaseModel->insert(Array, false)
#7 C:\xampp\htdocs\toko-api\system\BaseModel.php(751): CodeIgniter\Model->insert(Array, false)
#8 C:\xampp\htdocs\toko-api\app\Controllers\RegistrasiController.php(16): CodeIgniter\BaseModel->save(Array)
#9 C:\xampp\htdocs\toko-api\system\CodeIgniter.php(933): App\Controllers\RegistrasiController->registrasi()
#10 C:\xampp\htdocs\toko-api\system\CodeIgniter.php(509): CodeIgniter\CodeIgniter->runController(Object(App\Controllers\RegistrasiController))
#11 C:\xampp\htdocs\toko-api\system\CodeIgniter.php(355): CodeIgniter\CodeIgniter->handleRequest(NULL, Object(Config\Cache), false)
#12 C:\xampp\htdocs\toko-api\system\Boot.php(325): CodeIgniter\CodeIgniter->run()
#13 C:\xampp\htdocs\toko-api\system\Boot.php(67): CodeIgniter\Boot::runCodeIgniter(Object(CodeIgniter\CodeIgniter))
#14 C:\xampp\htdocs\toko-api\public\index.php(56): CodeIgniter\Boot::bootWeb(Object(Config\Paths))
#15 {main}
CRITICAL - 2024-06-24 11:22:29 --> CodeIgniter\Database\Exceptions\DatabaseException: Column 'nama' cannot be null
[Method: GET, Route: registrasi]
in SYSTEMPATH\Database\BaseConnection.php on line 686.
 1 SYSTEMPATH\Database\BaseBuilder.php(2333): CodeIgniter\Database\BaseConnection->query('INSERT INTO `member` (`nama`, `email`, `password`) VALUES (:nama:, :email:, :password:)', [...], false)
 2 SYSTEMPATH\Model.php(394): CodeIgniter\Database\BaseBuilder->insert()
 3 SYSTEMPATH\BaseModel.php(840): CodeIgniter\Model->doInsert([...])
 4 SYSTEMPATH\Model.php(802): CodeIgniter\BaseModel->insert([...], false)
 5 SYSTEMPATH\BaseModel.php(751): CodeIgniter\Model->insert([...], false)
 6 APPPATH\Controllers\RegistrasiController.php(16): CodeIgniter\BaseModel->save([...])
 7 SYSTEMPATH\CodeIgniter.php(933): App\Controllers\RegistrasiController->registrasi()
 8 SYSTEMPATH\CodeIgniter.php(509): CodeIgniter\CodeIgniter->runController(Object(App\Controllers\RegistrasiController))
 9 SYSTEMPATH\CodeIgniter.php(355): CodeIgniter\CodeIgniter->handleRequest(null, Object(Config\Cache), false)
10 SYSTEMPATH\Boot.php(325): CodeIgniter\CodeIgniter->run()
11 SYSTEMPATH\Boot.php(67): CodeIgniter\Boot::runCodeIgniter(Object(CodeIgniter\CodeIgniter))
12 FCPATH\index.php(56): CodeIgniter\Boot::bootWeb(Object(Config\Paths))
CRITICAL - 2024-06-24 11:22:29 --> [Caused by] CodeIgniter\Database\Exceptions\DatabaseException: Column 'nama' cannot be null
in SYSTEMPATH\Database\MySQLi\Connection.php on line 315.
 1 SYSTEMPATH\Database\BaseConnection.php(732): CodeIgniter\Database\MySQLi\Connection->execute('INSERT INTO `member` (`nama`, `email`, `password`) VALUES (NULL, NULL, \'$2y$10$3uDfa0whiCJPijtbP7gok.W1x/5NJaYtM911mw7I4K45Ua7Ytrsn2\')')
 2 SYSTEMPATH\Database\BaseConnection.php(646): CodeIgniter\Database\BaseConnection->simpleQuery('INSERT INTO `member` (`nama`, `email`, `password`) VALUES (NULL, NULL, \'$2y$10$3uDfa0whiCJPijtbP7gok.W1x/5NJaYtM911mw7I4K45Ua7Ytrsn2\')')
 3 SYSTEMPATH\Database\BaseBuilder.php(2333): CodeIgniter\Database\BaseConnection->query('INSERT INTO `member` (`nama`, `email`, `password`) VALUES (:nama:, :email:, :password:)', [...], false)
 4 SYSTEMPATH\Model.php(394): CodeIgniter\Database\BaseBuilder->insert()
 5 SYSTEMPATH\BaseModel.php(840): CodeIgniter\Model->doInsert([...])
 6 SYSTEMPATH\Model.php(802): CodeIgniter\BaseModel->insert([...], false)
 7 SYSTEMPATH\BaseModel.php(751): CodeIgniter\Model->insert([...], false)
 8 APPPATH\Controllers\RegistrasiController.php(16): CodeIgniter\BaseModel->save([...])
 9 SYSTEMPATH\CodeIgniter.php(933): App\Controllers\RegistrasiController->registrasi()
10 SYSTEMPATH\CodeIgniter.php(509): CodeIgniter\CodeIgniter->runController(Object(App\Controllers\RegistrasiController))
11 SYSTEMPATH\CodeIgniter.php(355): CodeIgniter\CodeIgniter->handleRequest(null, Object(Config\Cache), false)
12 SYSTEMPATH\Boot.php(325): CodeIgniter\CodeIgniter->run()
13 SYSTEMPATH\Boot.php(67): CodeIgniter\Boot::runCodeIgniter(Object(CodeIgniter\CodeIgniter))
14 FCPATH\index.php(56): CodeIgniter\Boot::bootWeb(Object(Config\Paths))
CRITICAL - 2024-06-24 11:22:29 --> [Caused by] mysqli_sql_exception: Column 'nama' cannot be null
in SYSTEMPATH\Database\MySQLi\Connection.php on line 310.
 1 SYSTEMPATH\Database\MySQLi\Connection.php(310): mysqli->query('INSERT INTO `member` (`nama`, `email`, `password`) VALUES (NULL, NULL, \'$2y$10$3uDfa0whiCJPijtbP7gok.W1x/5NJaYtM911mw7I4K45Ua7Ytrsn2\')', 0)
 2 SYSTEMPATH\Database\BaseConnection.php(732): CodeIgniter\Database\MySQLi\Connection->execute('INSERT INTO `member` (`nama`, `email`, `password`) VALUES (NULL, NULL, \'$2y$10$3uDfa0whiCJPijtbP7gok.W1x/5NJaYtM911mw7I4K45Ua7Ytrsn2\')')
 3 SYSTEMPATH\Database\BaseConnection.php(646): CodeIgniter\Database\BaseConnection->simpleQuery('INSERT INTO `member` (`nama`, `email`, `password`) VALUES (NULL, NULL, \'$2y$10$3uDfa0whiCJPijtbP7gok.W1x/5NJaYtM911mw7I4K45Ua7Ytrsn2\')')
 4 SYSTEMPATH\Database\BaseBuilder.php(2333): CodeIgniter\Database\BaseConnection->query('INSERT INTO `member` (`nama`, `email`, `password`) VALUES (:nama:, :email:, :password:)', [...], false)
 5 SYSTEMPATH\Model.php(394): CodeIgniter\Database\BaseBuilder->insert()
 6 SYSTEMPATH\BaseModel.php(840): CodeIgniter\Model->doInsert([...])
 7 SYSTEMPATH\Model.php(802): CodeIgniter\BaseModel->insert([...], false)
 8 SYSTEMPATH\BaseModel.php(751): CodeIgniter\Model->insert([...], false)
 9 APPPATH\Controllers\RegistrasiController.php(16): CodeIgniter\BaseModel->save([...])
10 SYSTEMPATH\CodeIgniter.php(933): App\Controllers\RegistrasiController->registrasi()
11 SYSTEMPATH\CodeIgniter.php(509): CodeIgniter\CodeIgniter->runController(Object(App\Controllers\RegistrasiController))
12 SYSTEMPATH\CodeIgniter.php(355): CodeIgniter\CodeIgniter->handleRequest(null, Object(Config\Cache), false)
13 SYSTEMPATH\Boot.php(325): CodeIgniter\CodeIgniter->run()
14 SYSTEMPATH\Boot.php(67): CodeIgniter\Boot::runCodeIgniter(Object(CodeIgniter\CodeIgniter))
15 FCPATH\index.php(56): CodeIgniter\Boot::bootWeb(Object(Config\Paths))
